barcodeScanner/build/outputs/logs/manifest-merger-release-report.txt
-- Merging decision tree log ---
manifest
ADDED from AndroidManifest.xml:17:1
	xmlns:android
		ADDED from AndroidManifest.xml:17:11
	package
		ADDED from AndroidManifest.xml:18:11
	android:versionName
		ADDED from AndroidManifest.xml:19:11
	android:versionCode
		ADDED from AndroidManifest.xml:20:11
		INJECTED from AndroidManifest.xml:0:0
		INJECTED from AndroidManifest.xml:0:0
	android:installLocation
		ADDED from AndroidManifest.xml:21:11
uses-permission#android.permission.CAMERA
ADDED from AndroidManifest.xml:23:3
	android:name
		ADDED from AndroidManifest.xml:23:20
uses-permission#android.permission.INTERNET
ADDED from AndroidManifest.xml:24:3
	android:name
		ADDED from AndroidManifest.xml:24:20
uses-permission#android.permission.VIBRATE
ADDED from AndroidManifest.xml:25:3
	android:name
		ADDED from AndroidManifest.xml:25:20
uses-permission#android.permission.FLASHLIGHT
ADDED from AndroidManifest.xml:26:3
	android:name
		ADDED from AndroidManifest.xml:26:20
uses-permission#android.permission.READ_CONTACTS
ADDED from AndroidManifest.xml:27:3
	android:name
		ADDED from AndroidManifest.xml:27:20
uses-permission#com.android.browser.permission.READ_HISTORY_BOOKMARKS
ADDED from AndroidManifest.xml:28:3
	android:name
		ADDED from AndroidManifest.xml:28:20
uses-permission#android.permission.WRITE_EXTERNAL_STORAGE
ADDED from AndroidManifest.xml:29:3
	android:name
		ADDED from AndroidManifest.xml:29:20
uses-permission#android.permission.CHANGE_WIFI_STATE
ADDED from AndroidManifest.xml:30:3
	android:name
		ADDED from AndroidManifest.xml:30:20
uses-permission#android.permission.ACCESS_WIFI_STATE
ADDED from AndroidManifest.xml:31:3
	android:name
		ADDED from AndroidManifest.xml:31:20
uses-sdk
ADDED from AndroidManifest.xml:33:3
	android:targetSdkVersion
		ADDED from AndroidManifest.xml:33:40
		INJECTED from AndroidManifest.xml:0:0
		INJECTED from AndroidManifest.xml:0:0
	android:minSdkVersion
		ADDED from AndroidManifest.xml:33:13
		INJECTED from AndroidManifest.xml:0:0
		INJECTED from AndroidManifest.xml:0:0
uses-feature#android.hardware.camera
ADDED from AndroidManifest.xml:36:3
	android:required
		ADDED from AndroidManifest.xml:36:56
	android:name
		ADDED from AndroidManifest.xml:36:17
uses-feature#android.hardware.camera.front
ADDED from AndroidManifest.xml:37:3
	android:required
		ADDED from AndroidManifest.xml:37:62
	android:name
		ADDED from AndroidManifest.xml:37:17
uses-feature#android.hardware.camera.autofocus
ADDED from AndroidManifest.xml:40:3
	android:required
		ADDED from AndroidManifest.xml:40:66
	android:name
		ADDED from AndroidManifest.xml:40:17
uses-feature#android.hardware.camera.flash
ADDED from AndroidManifest.xml:41:3
	android:required
		ADDED from AndroidManifest.xml:41:62
	android:name
		ADDED from AndroidManifest.xml:41:17
uses-feature#android.hardware.screen.landscape
ADDED from AndroidManifest.xml:42:3
	android:name
		ADDED from AndroidManifest.xml:42:17
uses-feature#android.hardware.wifi
ADDED from AndroidManifest.xml:43:3
	android:required
		ADDED from AndroidManifest.xml:43:54
	android:name
		ADDED from AndroidManifest.xml:43:17
uses-feature#android.hardware.touchscreen
ADDED from AndroidManifest.xml:45:3
	android:name
		ADDED from AndroidManifest.xml:45:17
supports-screens
ADDED from AndroidManifest.xml:48:3
	android:largeScreens
		ADDED from AndroidManifest.xml:49:21
	android:anyDensity
		ADDED from AndroidManifest.xml:52:21
	android:normalScreens
		ADDED from AndroidManifest.xml:50:21
	android:xlargeScreens
		ADDED from AndroidManifest.xml:48:21
	android:smallScreens
		ADDED from AndroidManifest.xml:51:21
application
ADDED from AndroidManifest.xml:54:3
	android:allowBackup
		ADDED from AndroidManifest.xml:54:16
activity#com.google.zxing.client.android.CaptureActivity
ADDED from AndroidManifest.xml:55:5
	android:windowSoftInputMode
		ADDED from AndroidManifest.xml:60:15
	android:screenOrientation
		ADDED from AndroidManifest.xml:56:15
	android:theme
		ADDED from AndroidManifest.xml:59:15
	android:stateNotNeeded
		ADDED from AndroidManifest.xml:58:15
	android:clearTaskOnLaunch
		ADDED from AndroidManifest.xml:57:15
	android:name
		ADDED from AndroidManifest.xml:55:15
intent-filter#android.intent.category.DEFAULT+com.google.zxing.client.android.SCAN
ADDED from AndroidManifest.xml:61:7
action#com.google.zxing.client.android.SCAN
ADDED from AndroidManifest.xml:62:9
	android:name
		ADDED from AndroidManifest.xml:62:17
category#android.intent.category.DEFAULT
ADDED from AndroidManifest.xml:63:9
	android:name
		ADDED from AndroidManifest.xml:63:19
intent-filter#android.intent.action.VIEW+android.intent.category.BROWSABLE+android.intent.category.DEFAULT
ADDED from AndroidManifest.xml:66:7
action#android.intent.action.VIEW
ADDED from AndroidManifest.xml:67:9
	android:name
		ADDED from AndroidManifest.xml:67:17
category#android.intent.category.BROWSABLE
ADDED from AndroidManifest.xml:69:9
	android:name
		ADDED from AndroidManifest.xml:69:19
data
ADDED from AndroidManifest.xml:70:9
	android:host
		ADDED from AndroidManifest.xml:70:37
	android:path
		ADDED from AndroidManifest.xml:70:70
	android:scheme
		ADDED from AndroidManifest.xml:70:15
activity#com.google.zxing.client.android.PreferencesActivity
ADDED from AndroidManifest.xml:94:5
	android:label
		ADDED from AndroidManifest.xml:95:15
	android:stateNotNeeded
		ADDED from AndroidManifest.xml:96:15
	android:name
		ADDED from AndroidManifest.xml:94:15
activity#com.google.zxing.client.android.encode.EncodeActivity
ADDED from AndroidManifest.xml:97:5
	android:stateNotNeeded
		ADDED from AndroidManifest.xml:98:15
	android:name
		ADDED from AndroidManifest.xml:97:15
intent-filter#android.intent.category.DEFAULT+com.google.zxing.client.android.ENCODE
ADDED from AndroidManifest.xml:99:7
action#com.google.zxing.client.android.ENCODE
ADDED from AndroidManifest.xml:100:9
	android:name
		ADDED from AndroidManifest.xml:100:17
intent-filter#android.intent.action.SEND+android.intent.category.DEFAULT
ADDED from AndroidManifest.xml:104:7
action#android.intent.action.SEND
ADDED from AndroidManifest.xml:105:9
	android:name
		ADDED from AndroidManifest.xml:105:17
activity#com.google.zxing.client.android.book.SearchBookContentsActivity
ADDED from AndroidManifest.xml:116:5
	android:screenOrientation
		ADDED from AndroidManifest.xml:119:15
	android:label
		ADDED from AndroidManifest.xml:117:15
	android:stateNotNeeded
		ADDED from AndroidManifest.xml:118:15
	android:name
		ADDED from AndroidManifest.xml:116:15
intent-filter#android.intent.category.DEFAULT+com.google.zxing.client.android.SEARCH_BOOK_CONTENTS
ADDED from AndroidManifest.xml:120:7
action#com.google.zxing.client.android.SEARCH_BOOK_CONTENTS
ADDED from AndroidManifest.xml:121:9
	android:name
		ADDED from AndroidManifest.xml:121:17
activity#com.google.zxing.client.android.share.ShareActivity
ADDED from AndroidManifest.xml:125:5
	android:screenOrientation
		ADDED from AndroidManifest.xml:127:15
	android:stateNotNeeded
		ADDED from AndroidManifest.xml:126:15
	android:name
		ADDED from AndroidManifest.xml:125:15
intent-filter#android.intent.category.DEFAULT+com.google.zxing.client.android.SHARE
ADDED from AndroidManifest.xml:128:7
action#com.google.zxing.client.android.SHARE
ADDED from AndroidManifest.xml:129:9
	android:name
		ADDED from AndroidManifest.xml:129:17
activity#com.google.zxing.client.android.history.HistoryActivity
ADDED from AndroidManifest.xml:133:5
	android:label
		ADDED from AndroidManifest.xml:134:15
	android:stateNotNeeded
		ADDED from AndroidManifest.xml:135:15
	android:name
		ADDED from AndroidManifest.xml:133:15
activity#com.google.zxing.client.android.share.BookmarkPickerActivity
ADDED from AndroidManifest.xml:136:5
	android:label
		ADDED from AndroidManifest.xml:137:15
	android:stateNotNeeded
		ADDED from AndroidManifest.xml:138:15
	android:name
		ADDED from AndroidManifest.xml:136:15
activity#com.google.zxing.client.android.share.AppPickerActivity
ADDED from AndroidManifest.xml:139:5
	android:label
		ADDED from AndroidManifest.xml:140:15
	android:stateNotNeeded
		ADDED from AndroidManifest.xml:141:15
	android:name
		ADDED from AndroidManifest.xml:139:15
activity#com.google.zxing.client.android.HelpActivity
ADDED from AndroidManifest.xml:142:5
	android:screenOrientation
		ADDED from AndroidManifest.xml:144:15
	android:label
		ADDED from AndroidManifest.xml:143:15
	android:stateNotNeeded
		ADDED from AndroidManifest.xml:145:15
	android:name
		ADDED from AndroidManifest.xml:142:15